<?xml version="1.0" encoding="UTF-8"?>
<!-- Generated by org.testng.reporters.JUnitReportReporter -->
<testsuite hostname="Shahnawaz-PC" name="automationFramework.PageObjectModel" tests="1" failures="0" timestamp="8 Jan 2016 10:00:43 GMT" time="16.167" errors="0">
  <testcase name="login" time="16.167" classname="automationFramework.PageObjectModel"/>
</testsuite> <!-- automationFramework.PageObjectModel -->
